<?xml version="1.0" encoding="UTF-8"?>
<!-- Generated by org.testng.reporters.JUnitReportReporter -->
<testsuite hostname="Goutams-MacBook-Air.local" failures="0" tests="2" name="rest.testCases1" time="3.771" errors="0" timestamp="2021-05-06T21:04:32 IST" skipped="0">
  <testcase classname="rest.testCases1" name="GetAllVideos" time="2.620"/>
  <system-out/>
  <testcase classname="rest.testCases1" name="PostVideoGames" time="1.151"/>
  <system-out/>
</testsuite> <!-- rest.testCases1 -->
