<?xml version="1.0" encoding="UTF-8"?>
<!-- Generated by org.testng.reporters.JUnitReportReporter -->
<testsuite hostname="Goutams-MacBook-Air.local" name="rest.testCases1" tests="2" failures="0" timestamp="6 May 2021 15:53:12 GMT" time="3.703" errors="0">
  <testcase name="PostVideoGames" time="1.248" classname="rest.testCases1"/>
  <testcase name="GetAllVideos" time="2.455" classname="rest.testCases1"/>
</testsuite> <!-- rest.testCases1 -->
